<?xml version="1.0" encoding="UTF-8"?>
<!-- Generated by org.testng.reporters.JUnitReportReporter -->
<testsuite skipped="0" hostname="MININT-SMKHDAE" name="com.learnautomation.testcases.LoginTestCRM" tests="1" failures="0" timestamp="24 Dec 2019 11:16:15 GMT" time="18.749" errors="0">
  <testcase name="loginApp" time="18.749" classname="com.learnautomation.testcases.LoginTestCRM"/>
</testsuite> <!-- com.learnautomation.testcases.LoginTestCRM -->
